<?xml version="1.0" encoding="UTF-8" ?>
<testsuite tests="6" failures="2" name="tests.RunTest" time="0.03" errors="0" skipped="0">
  <properties>
    <property name="java.runtime.name" value="Java(TM) SE Runtime Environment"/>
    <property name="sun.boot.library.path" value="/usr/lib/jvm/java-8-oracle/jre/lib/amd64"/>
    <property name="java.vm.version" value="25.131-b11"/>
    <property name="user.country.format" value="BR"/>
    <property name="java.vm.vendor" value="Oracle Corporation"/>
    <property name="maven.multiModuleProjectDirectory" value="/home/daiane.macedo/workspace2/cucumber"/>
    <property name="java.vendor.url" value="http://java.oracle.com/"/>
    <property name="path.separator" value=":"/>
    <property name="guice.disable.misplaced.annotation.check" value="true"/>
    <property name="java.vm.name" value="Java HotSpot(TM) 64-Bit Server VM"/>
    <property name="file.encoding.pkg" value="sun.io"/>
    <property name="user.country" value="US"/>
    <property name="sun.java.launcher" value="SUN_STANDARD"/>
    <property name="sun.os.patch.level" value="unknown"/>
    <property name="java.vm.specification.name" value="Java Virtual Machine Specification"/>
    <property name="user.dir" value="/home/daiane.macedo/workspace2/cucumber"/>
    <property name="java.runtime.version" value="1.8.0_131-b11"/>
    <property name="java.awt.graphicsenv" value="sun.awt.X11GraphicsEnvironment"/>
    <property name="java.endorsed.dirs" value="/usr/lib/jvm/java-8-oracle/jre/lib/endorsed"/>
    <property name="os.arch" value="amd64"/>
    <property name="java.io.tmpdir" value="/tmp"/>
    <property name="line.separator" value="
"/>
    <property name="java.vm.specification.vendor" value="Oracle Corporation"/>
    <property name="os.name" value="Linux"/>
    <property name="classworlds.conf" value="/home/daiane.macedo/apache-maven-3.5.0/bin/m2.conf"/>
    <property name="sun.jnu.encoding" value="UTF-8"/>
    <property name="java.library.path" value="/usr/java/packages/lib/amd64:/usr/lib64:/lib64:/lib:/usr/lib"/>
    <property name="maven.conf" value="/home/daiane.macedo/apache-maven-3.5.0/conf"/>
    <property name="java.specification.name" value="Java Platform API Specification"/>
    <property name="java.class.version" value="52.0"/>
    <property name="sun.management.compiler" value="HotSpot 64-Bit Tiered Compilers"/>
    <property name="os.version" value="4.5.0-040500-generic"/>
    <property name="library.jansi.path" value="/home/daiane.macedo/apache-maven-3.5.0/lib/jansi-native/linux64"/>
    <property name="user.home" value="/home/daiane.macedo"/>
    <property name="user.timezone" value="America/Sao_Paulo"/>
    <property name="java.awt.printerjob" value="sun.print.PSPrinterJob"/>
    <property name="java.specification.version" value="1.8"/>
    <property name="file.encoding" value="UTF-8"/>
    <property name="user.name" value="daiane.macedo"/>
    <property name="java.class.path" value="/home/daiane.macedo/apache-maven-3.5.0/boot/plexus-classworlds-2.5.2.jar"/>
    <property name="java.vm.specification.version" value="1.8"/>
    <property name="sun.arch.data.model" value="64"/>
    <property name="java.home" value="/usr/lib/jvm/java-8-oracle/jre"/>
    <property name="sun.java.command" value="org.codehaus.plexus.classworlds.launcher.Launcher test"/>
    <property name="java.specification.vendor" value="Oracle Corporation"/>
    <property name="user.language" value="en"/>
    <property name="user.language.format" value="pt"/>
    <property name="awt.toolkit" value="sun.awt.X11.XToolkit"/>
    <property name="java.vm.info" value="mixed mode"/>
    <property name="java.version" value="1.8.0_131"/>
    <property name="java.ext.dirs" value="/usr/lib/jvm/java-8-oracle/jre/lib/ext:/usr/java/packages/lib/ext"/>
    <property name="securerandom.source" value="file:/dev/./urandom"/>
    <property name="sun.boot.class.path" value="/usr/lib/jvm/java-8-oracle/jre/lib/resources.jar:/usr/lib/jvm/java-8-oracle/jre/lib/rt.jar:/usr/lib/jvm/java-8-oracle/jre/lib/sunrsasign.jar:/usr/lib/jvm/java-8-oracle/jre/lib/jsse.jar:/usr/lib/jvm/java-8-oracle/jre/lib/jce.jar:/usr/lib/jvm/java-8-oracle/jre/lib/charsets.jar:/usr/lib/jvm/java-8-oracle/jre/lib/jfr.jar:/usr/lib/jvm/java-8-oracle/jre/classes"/>
    <property name="java.vendor" value="Oracle Corporation"/>
    <property name="maven.home" value="/home/daiane.macedo/apache-maven-3.5.0"/>
    <property name="file.separator" value="/"/>
    <property name="java.vendor.url.bug" value="http://bugreport.sun.com/bugreport/"/>
    <property name="sun.cpu.endian" value="little"/>
    <property name="sun.io.unicode.encoding" value="UnicodeLittle"/>
    <property name="sun.desktop" value="gnome"/>
    <property name="sun.cpu.isalist" value=""/>
  </properties>
  <testcase classname="Scenario: Login Sucessfull with valid credentials" name="Given User is on home page" time="0.023"/>
  <testcase classname="Scenario: Login Sucessfull with valid credentials" name="When User enters username and password" time="0"/>
  <testcase classname="Scenario: Login Sucessfull with valid credentials" name="And User clicks on GO button" time="0.001"/>
  <testcase classname="Scenario: Login Sucessfull with valid credentials" name="Then He can visit the practice page" time="0.001"/>
  <testcase classname="Scenario: Login Sucessfull with valid credentials" name="And A message is displayed" time="0.002">
    <failure message="
Expecting:
 &lt;&quot;Lets Kode it&quot;&gt;
to end with:
 &lt;&quot;Practice Page&quot;&gt;
" type="java.lang.AssertionError">java.lang.AssertionError: 
Expecting:
 &lt;&quot;Lets Kode it&quot;&gt;
to end with:
 &lt;&quot;Practice Page&quot;&gt;

	at stepdefinition.TestingSteps.a_message_is_displayed(TestingSteps.java:57)
	at ✽.And A message is displayed(logintest.feature:9)
</failure>
    <system-out>Lets Kode it
</system-out>
  </testcase>
  <testcase classname="Scenario: Login Sucessfull with valid credentials" name="Scenario: Login Sucessfull with valid credentials" time="0.003">
    <failure message="
Expecting:
 &lt;&quot;Lets Kode it&quot;&gt;
to end with:
 &lt;&quot;Practice Page&quot;&gt;
" type="java.lang.AssertionError">java.lang.AssertionError: 
Expecting:
 &lt;&quot;Lets Kode it&quot;&gt;
to end with:
 &lt;&quot;Practice Page&quot;&gt;

	at stepdefinition.TestingSteps.a_message_is_displayed(TestingSteps.java:57)
	at ✽.And A message is displayed(logintest.feature:9)
</failure>
  </testcase>
</testsuite>